2018-06-09 15:10:42,084 INFO  com.epam.eps.framework.core.EpsResourceBundleAnnotationContext   - Turning definition "NoneRisk" in "InjectRiskGroupsBeanProcessor" processor
2018-06-09 15:10:42,084 INFO  com.epam.eps.framework.core.EpsResourceBundleAnnotationContext   - Turning definition "SimpleReviewSector" in "RiskListBeanProcessor" processor
2018-06-09 15:10:42,084 INFO  com.epam.eps.framework.core.EpsResourceBundleAnnotationContext   - Turning definition "SimpleEpsService" in "RiskListBeanProcessor" processor
2018-06-09 15:10:42,084 INFO  com.epam.eps.framework.core.EpsResourceBundleAnnotationContext   - Turning definition "SimpleReport" in "RiskListBeanProcessor" processor
2018-06-09 15:10:42,085 INFO  com.epam.eps.framework.support.risk.RiskListBeanProcessor        - In field "risks" the following risks were injected "NoneRisk" "MinorRisk" "NormalRisk" "MajorRisk" "CriticalRisk" 
2018-06-09 15:10:42,086 INFO  com.epam.eps.framework.core.EpsResourceBundleAnnotationContext   - Turning definition "CriticalRisk" in "RiskListBeanProcessor" processor
2018-06-09 15:10:42,086 INFO  com.epam.eps.framework.core.EpsResourceBundleAnnotationContext   - Turning definition "MajorRisk" in "RiskListBeanProcessor" processor
2018-06-09 15:10:42,086 INFO  com.epam.eps.framework.core.EpsResourceBundleAnnotationContext   - Turning definition "NormalRisk" in "RiskListBeanProcessor" processor
2018-06-09 15:10:42,086 INFO  com.epam.eps.framework.core.EpsResourceBundleAnnotationContext   - Turning definition "MinorRisk" in "RiskListBeanProcessor" processor
2018-06-09 15:10:42,086 INFO  com.epam.eps.framework.core.EpsResourceBundleAnnotationContext   - Turning definition "NoneRisk" in "RiskListBeanProcessor" processor
2018-06-09 15:10:42,086 INFO  com.epam.eps.framework.core.EpsResourceBundleAnnotationContext   - Turning definition "SimpleReviewSector" in "InjectBeanProcessor" processor
2018-06-09 15:10:42,086 INFO  com.epam.eps.framework.core.EpsResourceBundleAnnotationContext   - Turning definition "SimpleEpsService" in "InjectBeanProcessor" processor
2018-06-09 15:10:42,086 INFO  com.epam.eps.framework.core.EpsResourceBundleAnnotationContext   - Turning definition "SimpleReport" in "InjectBeanProcessor" processor
2018-06-09 15:10:42,086 INFO  com.epam.eps.framework.support.inject.InjectBeanProcessor        - In field "reviewSector" was injected with the object "SimpleReviewSector"
2018-06-09 15:10:42,087 INFO  com.epam.eps.framework.core.EpsResourceBundleAnnotationContext   - Turning definition "CriticalRisk" in "InjectBeanProcessor" processor
2018-06-09 15:10:42,087 INFO  com.epam.eps.framework.core.EpsResourceBundleAnnotationContext   - Turning definition "MajorRisk" in "InjectBeanProcessor" processor
2018-06-09 15:10:42,087 INFO  com.epam.eps.framework.core.EpsResourceBundleAnnotationContext   - Turning definition "NormalRisk" in "InjectBeanProcessor" processor
2018-06-09 15:10:42,087 INFO  com.epam.eps.framework.core.EpsResourceBundleAnnotationContext   - Turning definition "MinorRisk" in "InjectBeanProcessor" processor
2018-06-09 15:10:42,087 INFO  com.epam.eps.framework.core.EpsResourceBundleAnnotationContext   - Turning definition "NoneRisk" in "InjectBeanProcessor" processor
2018-06-09 15:10:42,087 INFO  com.epam.eps.framework.core.EpsResourceBundleAnnotationContext   - Calling methods with the "Init" annotation
2018-06-09 15:10:42,088 INFO  com.epam.eps.EmergencyPreventionSystem                           - Get report of application "Emergency Prevention System" from context
2018-06-09 15:10:42,088 INFO  com.epam.eps.EmergencyPreventionSystem                           - Creating printer for the report
2018-06-09 15:10:42,090 INFO  com.epam.eps.EmergencyPreventionSystem                           - Printing report
2018-06-09 15:10:42,096 WARN  com.epam.eps.model.printers.FilePrinter                          - Output text in file
